<?xml version="1.0" encoding="UTF-8"?>
<!-- Generated by org.testng.reporters.JUnitReportReporter -->
<testsuite hostname="LAPTOP-0S9714F1" failures="0" tests="1" name="Runner.TestNGRunner" time="10.897" errors="0" timestamp="2024-01-02T19:44:17 IST" skipped="0">
  <testcase classname="Runner.TestNGRunner" name="runScenario" time="10.897"/>
  <system-out/>
</testsuite> <!-- Runner.TestNGRunner -->
